2025-09-02 07:12:44,422 - WeatherApp - DEBUG - Debugging information: This is a detailed trace of the application's behavior.
2025-09-02 07:12:44,423 - WeatherApp - INFO - Informational message: The application has started successfully.
2025-09-02 07:12:44,423 - WeatherApp - WARNING - Warning: The application is using a deprecated method.
2025-09-02 07:12:44,423 - WeatherApp - ERROR - Error: An error occurred while trying to fetch weather data.
2025-09-02 07:12:44,423 - WeatherApp - CRITICAL - Critical error: Unable to connect to the weather API!
2025-09-02 07:12:44,423 - WeatherApp - INFO - Script execution started
2025-09-02 07:12:44,423 - WeatherApp - INFO - Selected city: Cape Town
2025-09-02 07:12:44,507 - WeatherApp - INFO - API request successful.
2025-09-02 07:12:44,523 - WeatherApp - INFO - Weather data displayed successfully.
2025-09-02 07:12:44,523 - WeatherApp - INFO - All processes completed successfully - Everything OK.
2025-09-02 07:12:44,523 - WeatherApp - INFO - Script execution ended
2025-09-02 09:48:18,746 - WeatherApp - DEBUG - Debugging information: This is a detailed trace of the application's behavior.
2025-09-02 09:48:18,747 - WeatherApp - INFO - Informational message: The application has started successfully.
2025-09-02 09:48:18,747 - WeatherApp - WARNING - Warning: The application is using a deprecated method.
2025-09-02 09:48:18,747 - WeatherApp - ERROR - Error: An error occurred while trying to fetch weather data.
2025-09-02 09:48:18,748 - WeatherApp - CRITICAL - Critical error: Unable to connect to the weather API!
2025-09-02 09:48:18,748 - WeatherApp - INFO - Script execution started
2025-09-02 09:48:18,748 - WeatherApp - INFO - Selected city: Toronto
2025-09-02 09:48:18,857 - WeatherApp - INFO - API request successful.
2025-09-02 09:48:18,874 - WeatherApp - INFO - Weather data displayed successfully.
2025-09-02 09:48:18,874 - WeatherApp - INFO - All processes completed successfully - Everything OK.
2025-09-02 09:48:18,874 - WeatherApp - INFO - Script execution ended
2025-09-02 09:48:28,534 - WeatherApp - DEBUG - Debugging information: This is a detailed trace of the application's behavior.
2025-09-02 09:48:28,534 - WeatherApp - INFO - Informational message: The application has started successfully.
2025-09-02 09:48:28,534 - WeatherApp - WARNING - Warning: The application is using a deprecated method.
2025-09-02 09:48:28,534 - WeatherApp - ERROR - Error: An error occurred while trying to fetch weather data.
2025-09-02 09:48:28,534 - WeatherApp - CRITICAL - Critical error: Unable to connect to the weather API!
2025-09-02 09:48:28,534 - WeatherApp - INFO - Script execution started
2025-09-02 09:48:28,534 - WeatherApp - INFO - Selected city: Los Angeles
2025-09-02 09:48:28,616 - WeatherApp - INFO - API request successful.
2025-09-02 09:48:28,631 - WeatherApp - INFO - Weather data displayed successfully.
2025-09-02 09:48:28,631 - WeatherApp - INFO - All processes completed successfully - Everything OK.
2025-09-02 09:48:28,631 - WeatherApp - INFO - Script execution ended
2025-09-02 09:48:40,329 - WeatherApp - DEBUG - Debugging information: This is a detailed trace of the application's behavior.
2025-09-02 09:48:40,329 - WeatherApp - INFO - Informational message: The application has started successfully.
2025-09-02 09:48:40,329 - WeatherApp - WARNING - Warning: The application is using a deprecated method.
2025-09-02 09:48:40,329 - WeatherApp - ERROR - Error: An error occurred while trying to fetch weather data.
2025-09-02 09:48:40,329 - WeatherApp - CRITICAL - Critical error: Unable to connect to the weather API!
2025-09-02 09:48:40,329 - WeatherApp - INFO - Script execution started
2025-09-02 09:48:40,329 - WeatherApp - INFO - Selected city: New York
2025-09-02 09:48:40,428 - WeatherApp - INFO - API request successful.
2025-09-02 09:48:40,446 - WeatherApp - INFO - Weather data displayed successfully.
2025-09-02 09:48:40,446 - WeatherApp - INFO - All processes completed successfully - Everything OK.
2025-09-02 09:48:40,447 - WeatherApp - INFO - Script execution ended
