2025-09-03 07:49:36,748 - WeatherApp - ERROR - Error: An error occurred while trying to fetch weather data.
2025-09-03 07:49:36,748 - WeatherApp - CRITICAL - Critical error: Unable to connect to the weather API!
2025-09-03 07:57:00,109 - WeatherApp - ERROR - Error: An error occurred while trying to fetch weather data.
2025-09-03 07:57:00,109 - WeatherApp - CRITICAL - Critical error: Unable to connect to the weather API!
2025-09-03 07:57:03,720 - WeatherApp - ERROR - Error: An error occurred while trying to fetch weather data.
2025-09-03 07:57:03,720 - WeatherApp - CRITICAL - Critical error: Unable to connect to the weather API!
2025-09-03 08:02:03,173 - WeatherApp - ERROR - Error: An error occurred while trying to fetch weather data.
2025-09-03 08:02:03,173 - WeatherApp - CRITICAL - Critical error: Unable to connect to the weather API!
2025-09-03 08:02:03,288 - WeatherApp - ERROR - Error: An error occurred while trying to fetch weather data.
2025-09-03 08:02:03,288 - WeatherApp - CRITICAL - Critical error: Unable to connect to the weather API!
2025-09-03 08:04:05,969 - WeatherApp - ERROR - Error: An error occurred while trying to fetch weather data.
2025-09-03 08:04:05,969 - WeatherApp - CRITICAL - Critical error: Unable to connect to the weather API!
2025-09-03 08:13:50,604 - WeatherApp - ERROR - Error: An error occurred while trying to fetch weather data.
2025-09-03 08:13:50,604 - WeatherApp - CRITICAL - Critical error: Unable to connect to the weather API!
2025-09-03 08:15:02,552 - WeatherApp - ERROR - Error: An error occurred while trying to fetch weather data.
2025-09-03 08:15:02,552 - WeatherApp - CRITICAL - Critical error: Unable to connect to the weather API!
2025-09-03 08:15:42,456 - WeatherApp - ERROR - Error: An error occurred while trying to fetch weather data.
2025-09-03 08:15:42,457 - WeatherApp - CRITICAL - Critical error: Unable to connect to the weather API!
2025-09-03 08:16:17,007 - WeatherApp - ERROR - Error: An error occurred while trying to fetch weather data.
2025-09-03 08:16:17,007 - WeatherApp - CRITICAL - Critical error: Unable to connect to the weather API!
2025-09-03 08:17:38,861 - WeatherApp - ERROR - Error: An error occurred while trying to fetch weather data.
2025-09-03 08:17:38,861 - WeatherApp - CRITICAL - Critical error: Unable to connect to the weather API!
2025-09-03 08:17:38,979 - WeatherApp - ERROR - Error: An error occurred while trying to fetch weather data.
2025-09-03 08:17:38,979 - WeatherApp - CRITICAL - Critical error: Unable to connect to the weather API!
2025-09-03 08:17:44,288 - WeatherApp - ERROR - Error: An error occurred while trying to fetch weather data.
2025-09-03 08:17:44,288 - WeatherApp - CRITICAL - Critical error: Unable to connect to the weather API!
2025-09-03 08:17:57,785 - WeatherApp - ERROR - Error: An error occurred while trying to fetch weather data.
2025-09-03 08:17:57,785 - WeatherApp - CRITICAL - Critical error: Unable to connect to the weather API!
2025-09-03 08:17:57,893 - WeatherApp - ERROR - Error: An error occurred while trying to fetch weather data.
2025-09-03 08:17:57,893 - WeatherApp - CRITICAL - Critical error: Unable to connect to the weather API!
2025-09-03 08:17:59,018 - WeatherApp - ERROR - Error: An error occurred while trying to fetch weather data.
2025-09-03 08:17:59,018 - WeatherApp - CRITICAL - Critical error: Unable to connect to the weather API!
2025-09-03 08:17:59,120 - WeatherApp - ERROR - Error: An error occurred while trying to fetch weather data.
2025-09-03 08:17:59,120 - WeatherApp - CRITICAL - Critical error: Unable to connect to the weather API!
2025-09-03 08:18:32,203 - WeatherApp - ERROR - Error: An error occurred while trying to fetch weather data.
2025-09-03 08:18:32,203 - WeatherApp - CRITICAL - Critical error: Unable to connect to the weather API!
2025-09-03 08:18:35,691 - WeatherApp - ERROR - Error: An error occurred while trying to fetch weather data.
2025-09-03 08:18:35,692 - WeatherApp - CRITICAL - Critical error: Unable to connect to the weather API!
2025-09-03 08:18:35,794 - WeatherApp - ERROR - Error: An error occurred while trying to fetch weather data.
2025-09-03 08:18:35,794 - WeatherApp - CRITICAL - Critical error: Unable to connect to the weather API!
2025-09-03 08:18:43,650 - WeatherApp - ERROR - Error: An error occurred while trying to fetch weather data.
2025-09-03 08:18:43,650 - WeatherApp - CRITICAL - Critical error: Unable to connect to the weather API!
2025-09-03 08:18:43,755 - WeatherApp - ERROR - Error: An error occurred while trying to fetch weather data.
2025-09-03 08:18:43,755 - WeatherApp - CRITICAL - Critical error: Unable to connect to the weather API!
2025-09-03 11:17:09,043 - WeatherApp - ERROR - Error: An error occurred while trying to fetch weather data.
2025-09-03 11:17:09,043 - WeatherApp - CRITICAL - Critical error: Unable to connect to the weather API!
2025-09-04 07:58:15,332 - WeatherApp - ERROR - Error: An error occurred while trying to fetch weather data.
2025-09-04 07:58:15,332 - WeatherApp - CRITICAL - Critical error: Unable to connect to the weather API!
2025-09-04 07:58:15,471 - WeatherApp - ERROR - Error: An error occurred while trying to fetch weather data.
2025-09-04 07:58:15,471 - WeatherApp - CRITICAL - Critical error: Unable to connect to the weather API!
2025-09-04 07:58:38,576 - WeatherApp - ERROR - Error: An error occurred while trying to fetch weather data.
2025-09-04 07:58:38,576 - WeatherApp - CRITICAL - Critical error: Unable to connect to the weather API!
2025-09-04 07:58:38,685 - WeatherApp - ERROR - Error: An error occurred while trying to fetch weather data.
2025-09-04 07:58:38,685 - WeatherApp - CRITICAL - Critical error: Unable to connect to the weather API!
2025-09-04 08:01:38,287 - WeatherApp - ERROR - Error: An error occurred while trying to fetch weather data.
2025-09-04 08:01:38,287 - WeatherApp - CRITICAL - Critical error: Unable to connect to the weather API!
2025-09-04 08:01:38,394 - WeatherApp - ERROR - Error: An error occurred while trying to fetch weather data.
2025-09-04 08:01:38,394 - WeatherApp - CRITICAL - Critical error: Unable to connect to the weather API!
2025-09-04 08:04:07,001 - WeatherApp - ERROR - Error: An error occurred while trying to fetch weather data.
2025-09-04 08:04:07,001 - WeatherApp - CRITICAL - Critical error: Unable to connect to the weather API!
2025-09-04 08:04:07,115 - WeatherApp - ERROR - Error: An error occurred while trying to fetch weather data.
2025-09-04 08:04:07,115 - WeatherApp - CRITICAL - Critical error: Unable to connect to the weather API!
2025-09-04 08:09:28,456 - WeatherApp - ERROR - Error: An error occurred while trying to fetch weather data.
2025-09-04 08:09:28,457 - WeatherApp - CRITICAL - Critical error: Unable to connect to the weather API!
2025-09-04 08:09:28,573 - WeatherApp - ERROR - Error: An error occurred while trying to fetch weather data.
2025-09-04 08:09:28,573 - WeatherApp - CRITICAL - Critical error: Unable to connect to the weather API!
2025-09-04 08:14:26,153 - WeatherApp - ERROR - Error: An error occurred while trying to fetch weather data.
2025-09-04 08:14:26,153 - WeatherApp - CRITICAL - Critical error: Unable to connect to the weather API!
2025-09-04 08:14:26,276 - WeatherApp - ERROR - Error: An error occurred while trying to fetch weather data.
2025-09-04 08:14:26,276 - WeatherApp - CRITICAL - Critical error: Unable to connect to the weather API!
2025-09-04 08:17:10,776 - WeatherApp - ERROR - Error: An error occurred while trying to fetch weather data.
2025-09-04 08:17:10,777 - WeatherApp - CRITICAL - Critical error: Unable to connect to the weather API!
2025-09-04 08:17:10,891 - WeatherApp - ERROR - Error: An error occurred while trying to fetch weather data.
2025-09-04 08:17:10,891 - WeatherApp - CRITICAL - Critical error: Unable to connect to the weather API!
2025-09-11 08:55:57,714 - WeatherApp - ERROR - Error: An error occurred while trying to fetch weather data.
2025-09-11 08:55:57,715 - WeatherApp - CRITICAL - Critical error: Unable to connect to the weather API!
2025-09-23 09:19:38,473 - WeatherApp - ERROR - Error: An error occurred while trying to fetch weather data.
2025-09-23 09:19:38,474 - WeatherApp - CRITICAL - Critical error: Unable to connect to the weather API!
2025-09-29 08:22:59,654 - WeatherApp - ERROR - Error: An error occurred while trying to fetch weather data.
2025-09-29 08:22:59,654 - WeatherApp - CRITICAL - Critical error: Unable to connect to the weather API!
2025-09-29 08:22:59,806 - WeatherApp - ERROR - Error: An error occurred while trying to fetch weather data.
2025-09-29 08:22:59,806 - WeatherApp - CRITICAL - Critical error: Unable to connect to the weather API!
2025-09-29 08:23:34,334 - WeatherApp - ERROR - Error: An error occurred while trying to fetch weather data.
2025-09-29 08:23:34,334 - WeatherApp - CRITICAL - Critical error: Unable to connect to the weather API!
2025-09-29 08:23:47,713 - WeatherApp - ERROR - Error: An error occurred while trying to fetch weather data.
2025-09-29 08:23:47,713 - WeatherApp - CRITICAL - Critical error: Unable to connect to the weather API!
2025-09-29 08:23:51,072 - WeatherApp - ERROR - Error: An error occurred while trying to fetch weather data.
2025-09-29 08:23:51,072 - WeatherApp - CRITICAL - Critical error: Unable to connect to the weather API!
2025-09-29 10:09:21,174 - WeatherApp - ERROR - Error: An error occurred while trying to fetch weather data.
2025-09-29 10:09:21,175 - WeatherApp - CRITICAL - Critical error: Unable to connect to the weather API!
2025-09-29 10:09:21,307 - WeatherApp - ERROR - Error: An error occurred while trying to fetch weather data.
2025-09-29 10:09:21,307 - WeatherApp - CRITICAL - Critical error: Unable to connect to the weather API!
2025-09-29 10:12:53,245 - WeatherApp - ERROR - Error: An error occurred while trying to fetch weather data.
2025-09-29 10:12:53,246 - WeatherApp - CRITICAL - Critical error: Unable to connect to the weather API!
2025-09-29 10:12:53,375 - WeatherApp - ERROR - Error: An error occurred while trying to fetch weather data.
2025-09-29 10:12:53,375 - WeatherApp - CRITICAL - Critical error: Unable to connect to the weather API!
2025-09-29 10:13:47,892 - WeatherApp - ERROR - Error: An error occurred while trying to fetch weather data.
2025-09-29 10:13:47,893 - WeatherApp - CRITICAL - Critical error: Unable to connect to the weather API!
2025-09-29 10:15:46,861 - WeatherApp - ERROR - Error: An error occurred while trying to fetch weather data.
2025-09-29 10:15:46,862 - WeatherApp - CRITICAL - Critical error: Unable to connect to the weather API!
2025-09-29 10:16:08,323 - WeatherApp - ERROR - Error: An error occurred while trying to fetch weather data.
2025-09-29 10:16:08,323 - WeatherApp - CRITICAL - Critical error: Unable to connect to the weather API!
2025-09-29 10:16:08,445 - WeatherApp - ERROR - Error: An error occurred while trying to fetch weather data.
2025-09-29 10:16:08,445 - WeatherApp - CRITICAL - Critical error: Unable to connect to the weather API!
2025-09-29 10:16:34,368 - WeatherApp - ERROR - Error: An error occurred while trying to fetch weather data.
2025-09-29 10:16:34,368 - WeatherApp - CRITICAL - Critical error: Unable to connect to the weather API!
2025-09-29 10:16:39,449 - WeatherApp - ERROR - Error: An error occurred while trying to fetch weather data.
2025-09-29 10:16:39,449 - WeatherApp - CRITICAL - Critical error: Unable to connect to the weather API!
2025-09-29 10:16:39,571 - WeatherApp - ERROR - Error: An error occurred while trying to fetch weather data.
2025-09-29 10:16:39,571 - WeatherApp - CRITICAL - Critical error: Unable to connect to the weather API!
2025-09-29 10:16:41,458 - WeatherApp - ERROR - Error: An error occurred while trying to fetch weather data.
2025-09-29 10:16:41,458 - WeatherApp - CRITICAL - Critical error: Unable to connect to the weather API!
2025-09-29 10:16:41,578 - WeatherApp - ERROR - Error: An error occurred while trying to fetch weather data.
2025-09-29 10:16:41,578 - WeatherApp - CRITICAL - Critical error: Unable to connect to the weather API!
2025-09-29 10:26:25,186 - WeatherApp - ERROR - Error: An error occurred while trying to fetch weather data.
2025-09-29 10:26:25,187 - WeatherApp - CRITICAL - Critical error: Unable to connect to the weather API!
2025-09-29 10:26:33,786 - WeatherApp - ERROR - Error: An error occurred while trying to fetch weather data.
2025-09-29 10:26:33,786 - WeatherApp - CRITICAL - Critical error: Unable to connect to the weather API!
2025-09-29 10:26:33,912 - WeatherApp - ERROR - Error: An error occurred while trying to fetch weather data.
2025-09-29 10:26:33,912 - WeatherApp - CRITICAL - Critical error: Unable to connect to the weather API!
2025-09-29 10:39:28,420 - WeatherApp - ERROR - Error: An error occurred while trying to fetch weather data.
2025-09-29 10:39:28,421 - WeatherApp - CRITICAL - Critical error: Unable to connect to the weather API!
2025-09-29 10:39:28,551 - WeatherApp - ERROR - Error: An error occurred while trying to fetch weather data.
2025-09-29 10:39:28,551 - WeatherApp - CRITICAL - Critical error: Unable to connect to the weather API!
2025-09-29 10:40:13,583 - WeatherApp - ERROR - Error: An error occurred while trying to fetch weather data.
2025-09-29 10:40:13,583 - WeatherApp - CRITICAL - Critical error: Unable to connect to the weather API!
2025-09-29 10:40:13,718 - WeatherApp - ERROR - Error: An error occurred while trying to fetch weather data.
2025-09-29 10:40:13,718 - WeatherApp - CRITICAL - Critical error: Unable to connect to the weather API!
2025-09-29 10:40:21,239 - WeatherApp - ERROR - Error: An error occurred while trying to fetch weather data.
2025-09-29 10:40:21,239 - WeatherApp - CRITICAL - Critical error: Unable to connect to the weather API!
2025-09-29 10:40:22,003 - WeatherApp - ERROR - Error: An error occurred while trying to fetch weather data.
2025-09-29 10:40:22,003 - WeatherApp - CRITICAL - Critical error: Unable to connect to the weather API!
2025-09-29 10:40:22,125 - WeatherApp - ERROR - Error: An error occurred while trying to fetch weather data.
2025-09-29 10:40:22,125 - WeatherApp - CRITICAL - Critical error: Unable to connect to the weather API!
2025-09-29 10:40:28,208 - WeatherApp - ERROR - Error: An error occurred while trying to fetch weather data.
2025-09-29 10:40:28,208 - WeatherApp - CRITICAL - Critical error: Unable to connect to the weather API!
2025-09-29 10:40:32,522 - WeatherApp - ERROR - Error: An error occurred while trying to fetch weather data.
2025-09-29 10:40:32,522 - WeatherApp - CRITICAL - Critical error: Unable to connect to the weather API!
2025-09-29 10:40:32,643 - WeatherApp - ERROR - Error: An error occurred while trying to fetch weather data.
2025-09-29 10:40:32,643 - WeatherApp - CRITICAL - Critical error: Unable to connect to the weather API!
2025-09-29 10:45:18,984 - WeatherApp - ERROR - Error: An error occurred while trying to fetch weather data.
2025-09-29 10:45:18,984 - WeatherApp - CRITICAL - Critical error: Unable to connect to the weather API!
2025-09-29 10:45:19,109 - WeatherApp - ERROR - Error: An error occurred while trying to fetch weather data.
2025-09-29 10:45:19,109 - WeatherApp - CRITICAL - Critical error: Unable to connect to the weather API!
2025-09-29 11:56:50,069 - WeatherApp - ERROR - Error: An error occurred while trying to fetch weather data.
2025-09-29 11:56:50,070 - WeatherApp - CRITICAL - Critical error: Unable to connect to the weather API!
2025-09-29 11:56:50,191 - WeatherApp - ERROR - Error: An error occurred while trying to fetch weather data.
2025-09-29 11:56:50,192 - WeatherApp - CRITICAL - Critical error: Unable to connect to the weather API!
2025-09-29 12:08:17,737 - WeatherApp - ERROR - Error: An error occurred while trying to fetch weather data.
2025-09-29 12:08:17,738 - WeatherApp - CRITICAL - Critical error: Unable to connect to the weather API!
2025-09-29 12:08:17,907 - WeatherApp - ERROR - Error: An error occurred while trying to fetch weather data.
2025-09-29 12:08:17,907 - WeatherApp - CRITICAL - Critical error: Unable to connect to the weather API!
2025-09-30 08:24:22,615 - WeatherApp - ERROR - Error: An error occurred while trying to fetch weather data.
2025-09-30 08:24:22,615 - WeatherApp - CRITICAL - Critical error: Unable to connect to the weather API!
2025-09-30 08:24:22,726 - WeatherApp - ERROR - Error: An error occurred while trying to fetch weather data.
2025-09-30 08:24:22,726 - WeatherApp - CRITICAL - Critical error: Unable to connect to the weather API!
2025-09-30 08:53:47,460 - WeatherApp - ERROR - Error: An error occurred while trying to fetch weather data.
2025-09-30 08:53:47,460 - WeatherApp - CRITICAL - Critical error: Unable to connect to the weather API!
2025-09-30 08:53:52,816 - WeatherApp - ERROR - Error: An error occurred while trying to fetch weather data.
2025-09-30 08:53:52,816 - WeatherApp - CRITICAL - Critical error: Unable to connect to the weather API!
2025-09-30 09:27:19,584 - WeatherApp - ERROR - Error: An error occurred while trying to fetch weather data.
2025-09-30 09:27:19,584 - WeatherApp - CRITICAL - Critical error: Unable to connect to the weather API!
2025-09-30 09:27:40,735 - WeatherApp - ERROR - Error: An error occurred while trying to fetch weather data.
2025-09-30 09:27:40,735 - WeatherApp - CRITICAL - Critical error: Unable to connect to the weather API!
2025-09-30 09:27:40,839 - WeatherApp - ERROR - Error: An error occurred while trying to fetch weather data.
2025-09-30 09:27:40,839 - WeatherApp - CRITICAL - Critical error: Unable to connect to the weather API!
2025-10-03 15:16:39,639 - WeatherApp - ERROR - Error: An error occurred while trying to fetch weather data.
2025-10-03 15:16:39,639 - WeatherApp - CRITICAL - Critical error: Unable to connect to the weather API!
2025-10-03 15:16:39,780 - WeatherApp - ERROR - Error: An error occurred while trying to fetch weather data.
2025-10-03 15:16:39,780 - WeatherApp - CRITICAL - Critical error: Unable to connect to the weather API!
2025-10-03 15:18:53,708 - WeatherApp - ERROR - Error: An error occurred while trying to fetch weather data.
2025-10-03 15:18:53,708 - WeatherApp - CRITICAL - Critical error: Unable to connect to the weather API!
2025-10-03 15:19:28,731 - WeatherApp - ERROR - Error: An error occurred while trying to fetch weather data.
2025-10-03 15:19:28,731 - WeatherApp - CRITICAL - Critical error: Unable to connect to the weather API!
2025-10-03 15:20:10,849 - WeatherApp - ERROR - Error: An error occurred while trying to fetch weather data.
2025-10-03 15:20:10,849 - WeatherApp - CRITICAL - Critical error: Unable to connect to the weather API!
2025-10-03 15:20:10,952 - WeatherApp - ERROR - Error: An error occurred while trying to fetch weather data.
2025-10-03 15:20:10,952 - WeatherApp - CRITICAL - Critical error: Unable to connect to the weather API!
2025-10-03 15:20:49,907 - WeatherApp - ERROR - Error: An error occurred while trying to fetch weather data.
2025-10-03 15:20:49,907 - WeatherApp - CRITICAL - Critical error: Unable to connect to the weather API!
2025-10-03 15:21:01,532 - WeatherApp - ERROR - Error: An error occurred while trying to fetch weather data.
2025-10-03 15:21:01,532 - WeatherApp - CRITICAL - Critical error: Unable to connect to the weather API!
2025-10-03 15:21:01,637 - WeatherApp - ERROR - Error: An error occurred while trying to fetch weather data.
2025-10-03 15:21:01,637 - WeatherApp - CRITICAL - Critical error: Unable to connect to the weather API!
2025-10-20 09:28:58,097 - WeatherApp - ERROR - Error: An error occurred while trying to fetch weather data.
2025-10-20 09:28:58,097 - WeatherApp - CRITICAL - Critical error: Unable to connect to the weather API!
2025-10-20 09:29:02,036 - WeatherApp - ERROR - Error: An error occurred while trying to fetch weather data.
2025-10-20 09:29:02,036 - WeatherApp - CRITICAL - Critical error: Unable to connect to the weather API!
2025-10-20 09:29:05,505 - WeatherApp - ERROR - Error: An error occurred while trying to fetch weather data.
2025-10-20 09:29:05,505 - WeatherApp - CRITICAL - Critical error: Unable to connect to the weather API!
2025-10-20 09:29:05,749 - WeatherApp - ERROR - Error: An error occurred while trying to fetch weather data.
2025-10-20 09:29:05,749 - WeatherApp - CRITICAL - Critical error: Unable to connect to the weather API!
2025-10-20 09:29:14,473 - WeatherApp - ERROR - Error: An error occurred while trying to fetch weather data.
2025-10-20 09:29:14,473 - WeatherApp - CRITICAL - Critical error: Unable to connect to the weather API!
2025-10-20 09:29:14,705 - WeatherApp - ERROR - Error: An error occurred while trying to fetch weather data.
2025-10-20 09:29:14,705 - WeatherApp - CRITICAL - Critical error: Unable to connect to the weather API!
2025-10-20 09:47:32,463 - WeatherApp - ERROR - Error: An error occurred while trying to fetch weather data.
2025-10-20 09:47:32,463 - WeatherApp - CRITICAL - Critical error: Unable to connect to the weather API!
2025-10-20 09:47:32,784 - WeatherApp - ERROR - Error: An error occurred while trying to fetch weather data.
2025-10-20 09:47:32,784 - WeatherApp - CRITICAL - Critical error: Unable to connect to the weather API!
2025-10-20 09:49:31,073 - WeatherApp - ERROR - Error: An error occurred while trying to fetch weather data.
2025-10-20 09:49:31,073 - WeatherApp - CRITICAL - Critical error: Unable to connect to the weather API!
2025-10-20 09:49:53,006 - WeatherApp - ERROR - Error: An error occurred while trying to fetch weather data.
2025-10-20 09:49:53,006 - WeatherApp - CRITICAL - Critical error: Unable to connect to the weather API!
2025-10-20 09:49:54,215 - WeatherApp - ERROR - Error: An error occurred while trying to fetch weather data.
2025-10-20 09:49:54,215 - WeatherApp - CRITICAL - Critical error: Unable to connect to the weather API!
2025-10-20 09:49:54,454 - WeatherApp - ERROR - Error: An error occurred while trying to fetch weather data.
2025-10-20 09:49:54,454 - WeatherApp - CRITICAL - Critical error: Unable to connect to the weather API!
2025-10-20 09:52:24,492 - WeatherApp - ERROR - Error: An error occurred while trying to fetch weather data.
2025-10-20 09:52:24,492 - WeatherApp - CRITICAL - Critical error: Unable to connect to the weather API!
2025-10-20 09:52:25,751 - WeatherApp - ERROR - Error: An error occurred while trying to fetch weather data.
2025-10-20 09:52:25,751 - WeatherApp - CRITICAL - Critical error: Unable to connect to the weather API!
2025-10-20 09:52:25,990 - WeatherApp - ERROR - Error: An error occurred while trying to fetch weather data.
2025-10-20 09:52:25,990 - WeatherApp - CRITICAL - Critical error: Unable to connect to the weather API!
2025-10-20 09:54:52,846 - WeatherApp - ERROR - Error: An error occurred while trying to fetch weather data.
2025-10-20 09:54:52,846 - WeatherApp - CRITICAL - Critical error: Unable to connect to the weather API!
2025-10-20 09:54:54,210 - WeatherApp - ERROR - Error: An error occurred while trying to fetch weather data.
2025-10-20 09:54:54,210 - WeatherApp - CRITICAL - Critical error: Unable to connect to the weather API!
2025-10-20 09:54:54,449 - WeatherApp - ERROR - Error: An error occurred while trying to fetch weather data.
2025-10-20 09:54:54,449 - WeatherApp - CRITICAL - Critical error: Unable to connect to the weather API!
2025-10-20 09:57:05,955 - WeatherApp - ERROR - Error: An error occurred while trying to fetch weather data.
2025-10-20 09:57:05,955 - WeatherApp - CRITICAL - Critical error: Unable to connect to the weather API!
2025-10-20 09:57:07,103 - WeatherApp - ERROR - Error: An error occurred while trying to fetch weather data.
2025-10-20 09:57:07,103 - WeatherApp - CRITICAL - Critical error: Unable to connect to the weather API!
2025-10-20 09:57:07,356 - WeatherApp - ERROR - Error: An error occurred while trying to fetch weather data.
2025-10-20 09:57:07,356 - WeatherApp - CRITICAL - Critical error: Unable to connect to the weather API!
2025-10-20 10:04:11,730 - WeatherApp - ERROR - Error: An error occurred while trying to fetch weather data.
2025-10-20 10:04:11,730 - WeatherApp - CRITICAL - Critical error: Unable to connect to the weather API!
2025-10-20 10:04:12,017 - WeatherApp - ERROR - Error: An error occurred while trying to fetch weather data.
2025-10-20 10:04:12,018 - WeatherApp - CRITICAL - Critical error: Unable to connect to the weather API!
2025-10-20 10:08:13,556 - WeatherApp - ERROR - Error: An error occurred while trying to fetch weather data.
2025-10-20 10:08:13,556 - WeatherApp - CRITICAL - Critical error: Unable to connect to the weather API!
2025-10-20 10:08:13,841 - WeatherApp - ERROR - Error: An error occurred while trying to fetch weather data.
2025-10-20 10:08:13,841 - WeatherApp - CRITICAL - Critical error: Unable to connect to the weather API!
2025-10-20 10:08:27,081 - WeatherApp - ERROR - Error: An error occurred while trying to fetch weather data.
2025-10-20 10:08:27,081 - WeatherApp - CRITICAL - Critical error: Unable to connect to the weather API!
2025-10-20 10:08:27,353 - WeatherApp - ERROR - Error: An error occurred while trying to fetch weather data.
2025-10-20 10:08:27,353 - WeatherApp - CRITICAL - Critical error: Unable to connect to the weather API!
2025-10-20 10:08:40,602 - WeatherApp - ERROR - Error: An error occurred while trying to fetch weather data.
2025-10-20 10:08:40,602 - WeatherApp - CRITICAL - Critical error: Unable to connect to the weather API!
2025-10-20 10:08:40,838 - WeatherApp - ERROR - Error: An error occurred while trying to fetch weather data.
2025-10-20 10:08:40,838 - WeatherApp - CRITICAL - Critical error: Unable to connect to the weather API!
2025-10-20 10:10:40,237 - WeatherApp - ERROR - Error: An error occurred while trying to fetch weather data.
2025-10-20 10:10:40,237 - WeatherApp - CRITICAL - Critical error: Unable to connect to the weather API!
2025-10-20 10:10:40,521 - WeatherApp - ERROR - Error: An error occurred while trying to fetch weather data.
2025-10-20 10:10:40,521 - WeatherApp - CRITICAL - Critical error: Unable to connect to the weather API!
2025-10-20 10:11:35,342 - WeatherApp - ERROR - Error: An error occurred while trying to fetch weather data.
2025-10-20 10:11:35,342 - WeatherApp - CRITICAL - Critical error: Unable to connect to the weather API!
2025-10-20 10:11:35,630 - WeatherApp - ERROR - Error: An error occurred while trying to fetch weather data.
2025-10-20 10:11:35,630 - WeatherApp - CRITICAL - Critical error: Unable to connect to the weather API!
2025-10-20 10:13:39,996 - WeatherApp - ERROR - Error: An error occurred while trying to fetch weather data.
2025-10-20 10:13:39,996 - WeatherApp - CRITICAL - Critical error: Unable to connect to the weather API!
2025-10-20 10:13:40,277 - WeatherApp - ERROR - Error: An error occurred while trying to fetch weather data.
2025-10-20 10:13:40,277 - WeatherApp - CRITICAL - Critical error: Unable to connect to the weather API!
2025-10-20 10:16:32,988 - WeatherApp - ERROR - Error: An error occurred while trying to fetch weather data.
2025-10-20 10:16:32,988 - WeatherApp - CRITICAL - Critical error: Unable to connect to the weather API!
2025-10-20 10:16:33,081 - WeatherApp - ERROR - Error: An error occurred while trying to fetch weather data.
2025-10-20 10:16:33,081 - WeatherApp - CRITICAL - Critical error: Unable to connect to the weather API!
2025-10-20 10:16:46,490 - WeatherApp - ERROR - Error: An error occurred while trying to fetch weather data.
2025-10-20 10:16:46,490 - WeatherApp - CRITICAL - Critical error: Unable to connect to the weather API!
2025-10-20 10:19:16,177 - WeatherApp - ERROR - Error: An error occurred while trying to fetch weather data.
2025-10-20 10:19:16,177 - WeatherApp - CRITICAL - Critical error: Unable to connect to the weather API!
2025-10-20 10:19:16,315 - WeatherApp - ERROR - Error: An error occurred while trying to fetch weather data.
2025-10-20 10:19:16,315 - WeatherApp - CRITICAL - Critical error: Unable to connect to the weather API!
2025-10-20 10:19:29,578 - WeatherApp - ERROR - Error: An error occurred while trying to fetch weather data.
2025-10-20 10:19:29,578 - WeatherApp - CRITICAL - Critical error: Unable to connect to the weather API!
2025-10-20 10:20:43,485 - WeatherApp - ERROR - Error: An error occurred while trying to fetch weather data.
2025-10-20 10:20:43,485 - WeatherApp - CRITICAL - Critical error: Unable to connect to the weather API!
2025-10-20 10:22:42,006 - WeatherApp - ERROR - Error: An error occurred while trying to fetch weather data.
2025-10-20 10:22:42,006 - WeatherApp - CRITICAL - Critical error: Unable to connect to the weather API!
2025-10-20 10:22:42,340 - WeatherApp - ERROR - Error: An error occurred while trying to fetch weather data.
2025-10-20 10:22:42,340 - WeatherApp - CRITICAL - Critical error: Unable to connect to the weather API!
2025-10-20 10:23:24,993 - WeatherApp - ERROR - Error: An error occurred while trying to fetch weather data.
2025-10-20 10:23:24,993 - WeatherApp - CRITICAL - Critical error: Unable to connect to the weather API!
2025-10-20 10:23:25,274 - WeatherApp - ERROR - Error: An error occurred while trying to fetch weather data.
2025-10-20 10:23:25,274 - WeatherApp - CRITICAL - Critical error: Unable to connect to the weather API!
2025-10-20 10:23:31,848 - WeatherApp - ERROR - Error: An error occurred while trying to fetch weather data.
2025-10-20 10:23:31,848 - WeatherApp - CRITICAL - Critical error: Unable to connect to the weather API!
2025-10-20 10:23:32,097 - WeatherApp - ERROR - Error: An error occurred while trying to fetch weather data.
2025-10-20 10:23:32,097 - WeatherApp - CRITICAL - Critical error: Unable to connect to the weather API!
2025-10-20 10:27:56,881 - WeatherApp - ERROR - Error: An error occurred while trying to fetch weather data.
2025-10-20 10:27:56,881 - WeatherApp - CRITICAL - Critical error: Unable to connect to the weather API!
2025-10-20 10:27:57,202 - WeatherApp - ERROR - Error: An error occurred while trying to fetch weather data.
2025-10-20 10:27:57,203 - WeatherApp - CRITICAL - Critical error: Unable to connect to the weather API!
2025-10-20 10:28:39,591 - WeatherApp - ERROR - Error: An error occurred while trying to fetch weather data.
2025-10-20 10:28:39,591 - WeatherApp - CRITICAL - Critical error: Unable to connect to the weather API!
2025-10-20 10:28:39,845 - WeatherApp - ERROR - Error: An error occurred while trying to fetch weather data.
2025-10-20 10:28:39,845 - WeatherApp - CRITICAL - Critical error: Unable to connect to the weather API!
2025-10-20 10:30:51,895 - WeatherApp - ERROR - Error: An error occurred while trying to fetch weather data.
2025-10-20 10:30:51,895 - WeatherApp - CRITICAL - Critical error: Unable to connect to the weather API!
2025-10-20 10:31:28,188 - WeatherApp - ERROR - Error: An error occurred while trying to fetch weather data.
2025-10-20 10:31:28,188 - WeatherApp - CRITICAL - Critical error: Unable to connect to the weather API!
2025-10-20 10:32:10,317 - WeatherApp - ERROR - Error: An error occurred while trying to fetch weather data.
2025-10-20 10:32:10,317 - WeatherApp - CRITICAL - Critical error: Unable to connect to the weather API!
2025-10-20 10:32:23,034 - WeatherApp - ERROR - Error: An error occurred while trying to fetch weather data.
2025-10-20 10:32:23,034 - WeatherApp - CRITICAL - Critical error: Unable to connect to the weather API!
2025-10-20 10:36:32,092 - WeatherApp - ERROR - Error: An error occurred while trying to fetch weather data.
2025-10-20 10:36:32,092 - WeatherApp - CRITICAL - Critical error: Unable to connect to the weather API!
2025-10-20 10:48:23,323 - WeatherApp - ERROR - Error: An error occurred while trying to fetch weather data.
2025-10-20 10:48:23,323 - WeatherApp - CRITICAL - Critical error: Unable to connect to the weather API!
2025-10-20 10:48:23,605 - WeatherApp - ERROR - Error: An error occurred while trying to fetch weather data.
2025-10-20 10:48:23,605 - WeatherApp - CRITICAL - Critical error: Unable to connect to the weather API!
2025-10-20 10:48:41,426 - WeatherApp - ERROR - Error: An error occurred while trying to fetch weather data.
2025-10-20 10:48:41,426 - WeatherApp - CRITICAL - Critical error: Unable to connect to the weather API!
2025-10-20 10:48:49,768 - WeatherApp - ERROR - Error: An error occurred while trying to fetch weather data.
2025-10-20 10:48:49,768 - WeatherApp - CRITICAL - Critical error: Unable to connect to the weather API!
2025-10-20 10:48:50,028 - WeatherApp - ERROR - Error: An error occurred while trying to fetch weather data.
2025-10-20 10:48:50,028 - WeatherApp - CRITICAL - Critical error: Unable to connect to the weather API!
2025-10-20 10:49:27,536 - WeatherApp - ERROR - Error: An error occurred while trying to fetch weather data.
2025-10-20 10:49:27,536 - WeatherApp - CRITICAL - Critical error: Unable to connect to the weather API!
2025-10-20 10:49:27,781 - WeatherApp - ERROR - Error: An error occurred while trying to fetch weather data.
2025-10-20 10:49:27,781 - WeatherApp - CRITICAL - Critical error: Unable to connect to the weather API!
2025-10-20 10:49:39,477 - WeatherApp - ERROR - Error: An error occurred while trying to fetch weather data.
2025-10-20 10:49:39,477 - WeatherApp - CRITICAL - Critical error: Unable to connect to the weather API!
2025-10-20 10:51:13,470 - WeatherApp - ERROR - Error: An error occurred while trying to fetch weather data.
2025-10-20 10:51:13,470 - WeatherApp - CRITICAL - Critical error: Unable to connect to the weather API!
2025-10-20 10:51:13,747 - WeatherApp - ERROR - Error: An error occurred while trying to fetch weather data.
2025-10-20 10:51:13,747 - WeatherApp - CRITICAL - Critical error: Unable to connect to the weather API!
2025-10-20 10:54:18,122 - WeatherApp - ERROR - Error: An error occurred while trying to fetch weather data.
2025-10-20 10:54:18,122 - WeatherApp - CRITICAL - Critical error: Unable to connect to the weather API!
2025-10-20 10:54:23,603 - WeatherApp - ERROR - Error: An error occurred while trying to fetch weather data.
2025-10-20 10:54:23,603 - WeatherApp - CRITICAL - Critical error: Unable to connect to the weather API!
2025-10-20 10:54:25,085 - WeatherApp - ERROR - Error: An error occurred while trying to fetch weather data.
2025-10-20 10:54:25,085 - WeatherApp - CRITICAL - Critical error: Unable to connect to the weather API!
2025-10-20 10:54:25,307 - WeatherApp - ERROR - Error: An error occurred while trying to fetch weather data.
2025-10-20 10:54:25,307 - WeatherApp - CRITICAL - Critical error: Unable to connect to the weather API!
2025-10-20 11:32:11,731 - WeatherApp - ERROR - Error: An error occurred while trying to fetch weather data.
2025-10-20 11:32:11,731 - WeatherApp - CRITICAL - Critical error: Unable to connect to the weather API!
2025-10-20 11:32:12,050 - WeatherApp - ERROR - Error: An error occurred while trying to fetch weather data.
2025-10-20 11:32:12,050 - WeatherApp - CRITICAL - Critical error: Unable to connect to the weather API!
2025-10-20 11:37:22,942 - WeatherApp - ERROR - Error: An error occurred while trying to fetch weather data.
2025-10-20 11:37:22,942 - WeatherApp - CRITICAL - Critical error: Unable to connect to the weather API!
2025-10-20 11:37:28,260 - WeatherApp - ERROR - Error: An error occurred while trying to fetch weather data.
2025-10-20 11:37:28,260 - WeatherApp - CRITICAL - Critical error: Unable to connect to the weather API!
2025-10-20 11:37:28,781 - WeatherApp - ERROR - Error: An error occurred while trying to fetch weather data.
2025-10-20 11:37:28,781 - WeatherApp - CRITICAL - Critical error: Unable to connect to the weather API!
2025-10-20 11:37:29,025 - WeatherApp - ERROR - Error: An error occurred while trying to fetch weather data.
2025-10-20 11:37:29,025 - WeatherApp - CRITICAL - Critical error: Unable to connect to the weather API!
2025-10-20 11:37:39,936 - WeatherApp - ERROR - Failed to save to DB: (builtins.AttributeError) type object 'datetime.datetime' has no attribute 'local_tz'
[SQL: INSERT INTO weather_log (city, temp_c, temp_f, description, wind_speed, humidity, timestamp) VALUES (%(city)s, %(temp_c)s, %(temp_f)s, %(description)s, %(wind_speed)s, %(humidity)s, %(timestamp)s) RETURNING weather_log.id]
[parameters: [{'temp_c': 28.15, 'wind_speed': '2.98', 'city': 'Bangkok', 'humidity': '62', 'description': 'broken clouds', 'temp_f': 82.67}]]
2025-10-20 11:39:00,858 - WeatherApp - ERROR - Error: An error occurred while trying to fetch weather data.
2025-10-20 11:39:00,858 - WeatherApp - CRITICAL - Critical error: Unable to connect to the weather API!
2025-10-20 11:39:08,752 - WeatherApp - ERROR - Error: An error occurred while trying to fetch weather data.
2025-10-20 11:39:08,752 - WeatherApp - CRITICAL - Critical error: Unable to connect to the weather API!
2025-10-20 11:39:09,028 - WeatherApp - ERROR - Error: An error occurred while trying to fetch weather data.
2025-10-20 11:39:09,028 - WeatherApp - CRITICAL - Critical error: Unable to connect to the weather API!
2025-10-20 11:52:43,928 - WeatherApp - ERROR - Error: An error occurred while trying to fetch weather data.
2025-10-20 11:52:43,928 - WeatherApp - CRITICAL - Critical error: Unable to connect to the weather API!
2025-10-20 11:52:44,250 - WeatherApp - ERROR - Error: An error occurred while trying to fetch weather data.
2025-10-20 11:52:44,250 - WeatherApp - CRITICAL - Critical error: Unable to connect to the weather API!
2025-10-20 11:53:30,286 - WeatherApp - ERROR - Error: An error occurred while trying to fetch weather data.
2025-10-20 11:53:30,287 - WeatherApp - CRITICAL - Critical error: Unable to connect to the weather API!
2025-10-20 11:53:30,558 - WeatherApp - ERROR - Error: An error occurred while trying to fetch weather data.
2025-10-20 11:53:30,558 - WeatherApp - CRITICAL - Critical error: Unable to connect to the weather API!
2025-10-23 15:02:46,338 - WeatherApp - ERROR - Error: An error occurred while trying to fetch weather data.
2025-10-23 15:02:46,338 - WeatherApp - CRITICAL - Critical error: Unable to connect to the weather API!
